生成启动时间为 2016/11/26 22:33:14。
     1>项目“C:\Users\红进\Desktop\SDL-1.2.15\VisualC\SDLmain\SDLmain.vcxproj”在节点 3 上(Build 个目标)。
     1>ClCompile:
         F:\Program Files (x86)\Microsoft Visual Studio 14.0\VC\bin\CL.exe /c /I..\..\include /I..\..\include\SDL /Zi /nologo /W3 /WX- /O2 /Oy- /D WIN32 /D NDEBUG /D _WINDOWS /D _VC80_UPGRADE=0x0600 /GF /Gm- /EHsc /MD /GS /Gy /fp:precise /Zc:wchar_t /Zc:forScope /Zc:inline /Fo".\Release\\" /Fd".\Release\SDLmain.pdb" /Gd /TC /analyze- /errorReport:prompt ..\..\Src\Main\Win32\SDL_win32_main.c
         SDL_win32_main.c
     1>..\..\Src\Main\Win32\SDL_win32_main.c(177): warning C4996: 'fopen': This function or variable may be unsafe. Consider using fopen_s instead. To disable deprecation, use _CRT_SECURE_NO_WARNINGS. See online help for details.
         C:\Program Files (x86)\Windows Kits\10\Include\10.0.10150.0\ucrt\stdio.h(205): note: 参见“fopen”的声明
     1>..\..\Src\Main\Win32\SDL_win32_main.c(187): warning C4996: 'fopen': This function or variable may be unsafe. Consider using fopen_s instead. To disable deprecation, use _CRT_SECURE_NO_WARNINGS. See online help for details.
         C:\Program Files (x86)\Windows Kits\10\Include\10.0.10150.0\ucrt\stdio.h(205): note: 参见“fopen”的声明
     1>..\..\Src\Main\Win32\SDL_win32_main.c(224): warning C4996: 'freopen': This function or variable may be unsafe. Consider using freopen_s instead. To disable deprecation, use _CRT_SECURE_NO_WARNINGS. See online help for details.
         C:\Program Files (x86)\Windows Kits\10\Include\10.0.10150.0\ucrt\stdio.h(240): note: 参见“freopen”的声明
     1>..\..\Src\Main\Win32\SDL_win32_main.c(231): warning C4996: 'fopen': This function or variable may be unsafe. Consider using fopen_s instead. To disable deprecation, use _CRT_SECURE_NO_WARNINGS. See online help for details.
         C:\Program Files (x86)\Windows Kits\10\Include\10.0.10150.0\ucrt\stdio.h(205): note: 参见“fopen”的声明
     1>..\..\Src\Main\Win32\SDL_win32_main.c(247): warning C4996: 'freopen': This function or variable may be unsafe. Consider using freopen_s instead. To disable deprecation, use _CRT_SECURE_NO_WARNINGS. See online help for details.
         C:\Program Files (x86)\Windows Kits\10\Include\10.0.10150.0\ucrt\stdio.h(240): note: 参见“freopen”的声明
     1>..\..\Src\Main\Win32\SDL_win32_main.c(253): warning C4996: 'fopen': This function or variable may be unsafe. Consider using fopen_s instead. To disable deprecation, use _CRT_SECURE_NO_WARNINGS. See online help for details.
         C:\Program Files (x86)\Windows Kits\10\Include\10.0.10150.0\ucrt\stdio.h(205): note: 参见“fopen”的声明
     1>..\..\Src\Main\Win32\SDL_win32_main.c(262): warning C4996: 'setbuf': This function or variable may be unsafe. Consider using setvbuf instead. To disable deprecation, use _CRT_SECURE_NO_WARNINGS. See online help for details.
         C:\Program Files (x86)\Windows Kits\10\Include\10.0.10150.0\ucrt\stdio.h(396): note: 参见“setbuf”的声明
       Lib:
         F:\Program Files (x86)\Microsoft Visual Studio 14.0\VC\bin\Lib.exe /OUT:".\Release\SDLmain.lib" /NOLOGO .\Release\SDL_win32_main.obj
         SDLmain.vcxproj -> C:\Users\红进\Desktop\SDL-1.2.15\VisualC\SDLmain\.\Release\SDLmain.lib
     1>已完成生成项目“C:\Users\红进\Desktop\SDL-1.2.15\VisualC\SDLmain\SDLmain.vcxproj”(Build 个目标)的操作。

已成功生成。

已用时间 00:00:00.46
